2015-01-07T18:02:26.273Z 82899 TID-ov7mhisx0 INFO: Running in ruby 2.1.2p95 (2014-05-08 revision 45877) [x86_64-darwin13.0]
2015-01-07T18:02:26.273Z 82899 TID-ov7mhisx0 INFO: See LICENSE and the LGPL-3.0 for licensing details.
2015-01-07T18:02:26.273Z 82899 TID-ov7mhisx0 INFO: Upgrade to Sidekiq Pro for more features and support: http://sidekiq.org/pro
2015-01-07T18:02:26.273Z 82899 TID-ov7mhisx0 INFO: Starting processing, hit Ctrl-C to stop
2015-01-07T18:02:26.304Z 82899 TID-ov7n8vu4w INFO: Booting Sidekiq 3.3.0 with redis options {}
2015-01-07T18:02:26.304Z 82899 TID-ov7mio1yo INFO: Booting Sidekiq 3.3.0 with redis options {}
2015-01-07T18:02:26.305Z 82899 TID-ov7n8vu4w ERROR: heartbeat: Error connecting to Redis on 127.0.0.1:6379 (ECONNREFUSED)
2015-01-07T18:02:26.305Z 82899 TID-ov7mio1yo ERROR: Error fetching message: Error connecting to Redis on 127.0.0.1:6379 (ECONNREFUSED)
2015-01-07T18:02:26.305Z 82899 TID-ov7mio1yo ERROR: /Users/mjprude/.rbenv/versions/2.1.2/lib/ruby/gems/2.1.0/gems/redis-3.2.0/lib/redis/client.rb:320:in `rescue in establish_connection'
2015-01-07T18:02:26.305Z 82899 TID-ov7mio1yo ERROR: /Users/mjprude/.rbenv/versions/2.1.2/lib/ruby/gems/2.1.0/gems/redis-3.2.0/lib/redis/client.rb:311:in `establish_connection'
2015-01-07T18:02:26.305Z 82899 TID-ov7mio1yo ERROR: /Users/mjprude/.rbenv/versions/2.1.2/lib/ruby/gems/2.1.0/gems/redis-3.2.0/lib/redis/client.rb:91:in `block in connect'
2015-01-07T18:02:26.305Z 82899 TID-ov7mio1yo ERROR: /Users/mjprude/.rbenv/versions/2.1.2/lib/ruby/gems/2.1.0/gems/redis-3.2.0/lib/redis/client.rb:273:in `with_reconnect'
2015-01-07T18:02:26.305Z 82899 TID-ov7mio1yo ERROR: /Users/mjprude/.rbenv/versions/2.1.2/lib/ruby/gems/2.1.0/gems/redis-3.2.0/lib/redis/client.rb:90:in `connect'
2015-01-07T18:02:26.305Z 82899 TID-ov7mio1yo ERROR: /Users/mjprude/.rbenv/versions/2.1.2/lib/ruby/gems/2.1.0/gems/redis-3.2.0/lib/redis/client.rb:256:in `with_socket_timeout'
2015-01-07T18:02:26.305Z 82899 TID-ov7mio1yo ERROR: /Users/mjprude/.rbenv/versions/2.1.2/lib/ruby/gems/2.1.0/gems/redis-3.2.0/lib/redis/client.rb:191:in `call_with_timeout'
2015-01-07T18:02:26.305Z 82899 TID-ov7mio1yo ERROR: /Users/mjprude/.rbenv/versions/2.1.2/lib/ruby/gems/2.1.0/gems/redis-3.2.0/lib/redis.rb:1059:in `block in _bpop'
2015-01-07T18:02:26.305Z 82899 TID-ov7mio1yo ERROR: /Users/mjprude/.rbenv/versions/2.1.2/lib/ruby/gems/2.1.0/gems/redis-3.2.0/lib/redis.rb:37:in `block in synchronize'
2015-01-07T18:02:26.305Z 82899 TID-ov7mio1yo ERROR: /Users/mjprude/.rbenv/versions/2.1.2/lib/ruby/2.1.0/monitor.rb:211:in `mon_synchronize'
2015-01-07T18:02:26.305Z 82899 TID-ov7mio1yo ERROR: /Users/mjprude/.rbenv/versions/2.1.2/lib/ruby/gems/2.1.0/gems/redis-3.2.0/lib/redis.rb:37:in `synchronize'
2015-01-07T18:02:26.305Z 82899 TID-ov7mio1yo ERROR: /Users/mjprude/.rbenv/versions/2.1.2/lib/ruby/gems/2.1.0/gems/redis-3.2.0/lib/redis.rb:1056:in `_bpop'
2015-01-07T18:02:26.305Z 82899 TID-ov7mio1yo ERROR: /Users/mjprude/.rbenv/versions/2.1.2/lib/ruby/gems/2.1.0/gems/redis-3.2.0/lib/redis.rb:1101:in `brpop'
2015-01-07T18:02:26.305Z 82899 TID-ov7mio1yo ERROR: /Users/mjprude/.rbenv/versions/2.1.2/lib/ruby/gems/2.1.0/gems/sidekiq-3.3.0/lib/sidekiq/fetch.rb:102:in `block in retrieve_work'
2015-01-07T18:02:26.305Z 82899 TID-ov7mio1yo ERROR: /Users/mjprude/.rbenv/versions/2.1.2/lib/ruby/gems/2.1.0/gems/connection_pool-2.1.0/lib/connection_pool.rb:58:in `with'
2015-01-07T18:02:26.305Z 82899 TID-ov7mio1yo ERROR: /Users/mjprude/.rbenv/versions/2.1.2/lib/ruby/gems/2.1.0/gems/sidekiq-3.3.0/lib/sidekiq.rb:72:in `redis'
2015-01-07T18:02:26.305Z 82899 TID-ov7mio1yo ERROR: /Users/mjprude/.rbenv/versions/2.1.2/lib/ruby/gems/2.1.0/gems/sidekiq-3.3.0/lib/sidekiq/fetch.rb:102:in `retrieve_work'
2015-01-07T18:02:26.305Z 82899 TID-ov7mio1yo ERROR: /Users/mjprude/.rbenv/versions/2.1.2/lib/ruby/gems/2.1.0/gems/sidekiq-3.3.0/lib/sidekiq/fetch.rb:37:in `block in fetch'
2015-01-07T18:02:26.305Z 82899 TID-ov7mio1yo ERROR: /Users/mjprude/.rbenv/versions/2.1.2/lib/ruby/gems/2.1.0/gems/sidekiq-3.3.0/lib/sidekiq/util.rb:15:in `watchdog'
2015-01-07T18:02:26.305Z 82899 TID-ov7mio1yo ERROR: /Users/mjprude/.rbenv/versions/2.1.2/lib/ruby/gems/2.1.0/gems/sidekiq-3.3.0/lib/sidekiq/fetch.rb:33:in `fetch'
2015-01-07T18:02:26.305Z 82899 TID-ov7mio1yo ERROR: /Users/mjprude/.rbenv/versions/2.1.2/lib/ruby/gems/2.1.0/gems/celluloid-0.16.0/lib/celluloid/calls.rb:26:in `public_send'
2015-01-07T18:02:26.306Z 82899 TID-ov7mio1yo ERROR: /Users/mjprude/.rbenv/versions/2.1.2/lib/ruby/gems/2.1.0/gems/celluloid-0.16.0/lib/celluloid/calls.rb:26:in `dispatch'
2015-01-07T18:02:26.306Z 82899 TID-ov7mio1yo ERROR: /Users/mjprude/.rbenv/versions/2.1.2/lib/ruby/gems/2.1.0/gems/celluloid-0.16.0/lib/celluloid/calls.rb:122:in `dispatch'
2015-01-07T18:02:26.306Z 82899 TID-ov7mio1yo ERROR: /Users/mjprude/.rbenv/versions/2.1.2/lib/ruby/gems/2.1.0/gems/celluloid-0.16.0/lib/celluloid/cell.rb:60:in `block in invoke'
2015-01-07T18:02:26.306Z 82899 TID-ov7mio1yo ERROR: /Users/mjprude/.rbenv/versions/2.1.2/lib/ruby/gems/2.1.0/gems/celluloid-0.16.0/lib/celluloid/cell.rb:71:in `block in task'
2015-01-07T18:02:26.306Z 82899 TID-ov7mio1yo ERROR: /Users/mjprude/.rbenv/versions/2.1.2/lib/ruby/gems/2.1.0/gems/celluloid-0.16.0/lib/celluloid/actor.rb:357:in `block in task'
2015-01-07T18:02:26.306Z 82899 TID-ov7mio1yo ERROR: /Users/mjprude/.rbenv/versions/2.1.2/lib/ruby/gems/2.1.0/gems/celluloid-0.16.0/lib/celluloid/tasks.rb:57:in `block in initialize'
2015-01-07T18:02:26.306Z 82899 TID-ov7mio1yo ERROR: /Users/mjprude/.rbenv/versions/2.1.2/lib/ruby/gems/2.1.0/gems/celluloid-0.16.0/lib/celluloid/tasks/task_fiber.rb:15:in `block in create'
2015-01-07T18:02:31.306Z 82899 TID-ov7n8vu4w ERROR: heartbeat: Error connecting to Redis on 127.0.0.1:6379 (ECONNREFUSED)
2015-01-07T18:02:36.308Z 82899 TID-ov7n8vu4w ERROR: heartbeat: Error connecting to Redis on 127.0.0.1:6379 (ECONNREFUSED)
2015-01-07T18:02:38.728Z 82899 TID-ov7mimjts ERROR: Error connecting to Redis on 127.0.0.1:6379 (ECONNREFUSED)
2015-01-07T18:02:38.728Z 82899 TID-ov7mimjts ERROR: /Users/mjprude/.rbenv/versions/2.1.2/lib/ruby/gems/2.1.0/gems/redis-3.2.0/lib/redis/client.rb:320:in `rescue in establish_connection'
2015-01-07T18:02:38.729Z 82899 TID-ov7mimjts WARN: {:context=>"scheduling poller thread died!"}
2015-01-07T18:02:38.729Z 82899 TID-ov7mimjts WARN: Error connecting to Redis on 127.0.0.1:6379 (ECONNREFUSED)
2015-01-07T18:02:38.729Z 82899 TID-ov7mimjts WARN: /Users/mjprude/.rbenv/versions/2.1.2/lib/ruby/gems/2.1.0/gems/redis-3.2.0/lib/redis/client.rb:320:in `rescue in establish_connection'
/Users/mjprude/.rbenv/versions/2.1.2/lib/ruby/gems/2.1.0/gems/redis-3.2.0/lib/redis/client.rb:311:in `establish_connection'
/Users/mjprude/.rbenv/versions/2.1.2/lib/ruby/gems/2.1.0/gems/redis-3.2.0/lib/redis/client.rb:91:in `block in connect'
/Users/mjprude/.rbenv/versions/2.1.2/lib/ruby/gems/2.1.0/gems/redis-3.2.0/lib/redis/client.rb:273:in `with_reconnect'
/Users/mjprude/.rbenv/versions/2.1.2/lib/ruby/gems/2.1.0/gems/redis-3.2.0/lib/redis/client.rb:90:in `connect'
/Users/mjprude/.rbenv/versions/2.1.2/lib/ruby/gems/2.1.0/gems/redis-3.2.0/lib/redis/client.rb:337:in `ensure_connected'
/Users/mjprude/.rbenv/versions/2.1.2/lib/ruby/gems/2.1.0/gems/redis-3.2.0/lib/redis/client.rb:204:in `block in process'
/Users/mjprude/.rbenv/versions/2.1.2/lib/ruby/gems/2.1.0/gems/redis-3.2.0/lib/redis/client.rb:286:in `logging'
/Users/mjprude/.rbenv/versions/2.1.2/lib/ruby/gems/2.1.0/gems/redis-3.2.0/lib/redis/client.rb:203:in `process'
/Users/mjprude/.rbenv/versions/2.1.2/lib/ruby/gems/2.1.0/gems/redis-3.2.0/lib/redis/client.rb:109:in `call'
/Users/mjprude/.rbenv/versions/2.1.2/lib/ruby/gems/2.1.0/gems/redis-3.2.0/lib/redis.rb:1315:in `block in smembers'
/Users/mjprude/.rbenv/versions/2.1.2/lib/ruby/gems/2.1.0/gems/redis-3.2.0/lib/redis.rb:37:in `block in synchronize'
/Users/mjprude/.rbenv/versions/2.1.2/lib/ruby/2.1.0/monitor.rb:211:in `mon_synchronize'
/Users/mjprude/.rbenv/versions/2.1.2/lib/ruby/gems/2.1.0/gems/redis-3.2.0/lib/redis.rb:37:in `synchronize'
/Users/mjprude/.rbenv/versions/2.1.2/lib/ruby/gems/2.1.0/gems/redis-3.2.0/lib/redis.rb:1314:in `smembers'
/Users/mjprude/.rbenv/versions/2.1.2/lib/ruby/gems/2.1.0/gems/sidekiq-3.3.0/lib/sidekiq/api.rb:557:in `block in cleanup'
/Users/mjprude/.rbenv/versions/2.1.2/lib/ruby/gems/2.1.0/gems/connection_pool-2.1.0/lib/connection_pool.rb:58:in `with'
/Users/mjprude/.rbenv/versions/2.1.2/lib/ruby/gems/2.1.0/gems/sidekiq-3.3.0/lib/sidekiq.rb:72:in `redis'
/Users/mjprude/.rbenv/versions/2.1.2/lib/ruby/gems/2.1.0/gems/sidekiq-3.3.0/lib/sidekiq/api.rb:556:in `cleanup'
/Users/mjprude/.rbenv/versions/2.1.2/lib/ruby/gems/2.1.0/gems/sidekiq-3.3.0/lib/sidekiq/api.rb:549:in `initialize'
/Users/mjprude/.rbenv/versions/2.1.2/lib/ruby/gems/2.1.0/gems/sidekiq-3.3.0/lib/sidekiq/scheduled.rb:79:in `new'
/Users/mjprude/.rbenv/versions/2.1.2/lib/ruby/gems/2.1.0/gems/sidekiq-3.3.0/lib/sidekiq/scheduled.rb:79:in `poll_interval'
/Users/mjprude/.rbenv/versions/2.1.2/lib/ruby/gems/2.1.0/gems/sidekiq-3.3.0/lib/sidekiq/scheduled.rb:58:in `block in poll'
/Users/mjprude/.rbenv/versions/2.1.2/lib/ruby/gems/2.1.0/gems/sidekiq-3.3.0/lib/sidekiq/util.rb:15:in `watchdog'
/Users/mjprude/.rbenv/versions/2.1.2/lib/ruby/gems/2.1.0/gems/sidekiq-3.3.0/lib/sidekiq/scheduled.rb:23:in `poll'
/Users/mjprude/.rbenv/versions/2.1.2/lib/ruby/gems/2.1.0/gems/celluloid-0.16.0/lib/celluloid/calls.rb:26:in `public_send'
/Users/mjprude/.rbenv/versions/2.1.2/lib/ruby/gems/2.1.0/gems/celluloid-0.16.0/lib/celluloid/calls.rb:26:in `dispatch'
/Users/mjprude/.rbenv/versions/2.1.2/lib/ruby/gems/2.1.0/gems/celluloid-0.16.0/lib/celluloid/calls.rb:122:in `dispatch'
/Users/mjprude/.rbenv/versions/2.1.2/lib/ruby/gems/2.1.0/gems/celluloid-0.16.0/lib/celluloid/cell.rb:60:in `block in invoke'
/Users/mjprude/.rbenv/versions/2.1.2/lib/ruby/gems/2.1.0/gems/celluloid-0.16.0/lib/celluloid/cell.rb:71:in `block in task'
/Users/mjprude/.rbenv/versions/2.1.2/lib/ruby/gems/2.1.0/gems/celluloid-0.16.0/lib/celluloid/actor.rb:357:in `block in task'
/Users/mjprude/.rbenv/versions/2.1.2/lib/ruby/gems/2.1.0/gems/celluloid-0.16.0/lib/celluloid/tasks.rb:57:in `block in initialize'
/Users/mjprude/.rbenv/versions/2.1.2/lib/ruby/gems/2.1.0/gems/celluloid-0.16.0/lib/celluloid/tasks/task_fiber.rb:15:in `block in create'
2015-01-07T18:02:38.729Z 82899 TID-ov7n8w3qg WARN: Sidekiq died due to the following error, cannot recover, process exiting
2015-01-07T18:02:38.729Z 82899 TID-ov7n8w3qg WARN: Error connecting to Redis on 127.0.0.1:6379 (ECONNREFUSED)
2015-01-07T18:02:38.729Z 82899 TID-ov7n8w3qg WARN: /Users/mjprude/.rbenv/versions/2.1.2/lib/ruby/gems/2.1.0/gems/redis-3.2.0/lib/redis/client.rb:320:in `rescue in establish_connection'
/Users/mjprude/.rbenv/versions/2.1.2/lib/ruby/gems/2.1.0/gems/redis-3.2.0/lib/redis/client.rb:311:in `establish_connection'
/Users/mjprude/.rbenv/versions/2.1.2/lib/ruby/gems/2.1.0/gems/redis-3.2.0/lib/redis/client.rb:91:in `block in connect'
/Users/mjprude/.rbenv/versions/2.1.2/lib/ruby/gems/2.1.0/gems/redis-3.2.0/lib/redis/client.rb:273:in `with_reconnect'
/Users/mjprude/.rbenv/versions/2.1.2/lib/ruby/gems/2.1.0/gems/redis-3.2.0/lib/redis/client.rb:90:in `connect'
/Users/mjprude/.rbenv/versions/2.1.2/lib/ruby/gems/2.1.0/gems/redis-3.2.0/lib/redis/client.rb:337:in `ensure_connected'
/Users/mjprude/.rbenv/versions/2.1.2/lib/ruby/gems/2.1.0/gems/redis-3.2.0/lib/redis/client.rb:204:in `block in process'
/Users/mjprude/.rbenv/versions/2.1.2/lib/ruby/gems/2.1.0/gems/redis-3.2.0/lib/redis/client.rb:286:in `logging'
/Users/mjprude/.rbenv/versions/2.1.2/lib/ruby/gems/2.1.0/gems/redis-3.2.0/lib/redis/client.rb:203:in `process'
/Users/mjprude/.rbenv/versions/2.1.2/lib/ruby/gems/2.1.0/gems/redis-3.2.0/lib/redis/client.rb:109:in `call'
/Users/mjprude/.rbenv/versions/2.1.2/lib/ruby/gems/2.1.0/gems/redis-3.2.0/lib/redis.rb:1315:in `block in smembers'
/Users/mjprude/.rbenv/versions/2.1.2/lib/ruby/gems/2.1.0/gems/redis-3.2.0/lib/redis.rb:37:in `block in synchronize'
/Users/mjprude/.rbenv/versions/2.1.2/lib/ruby/2.1.0/monitor.rb:211:in `mon_synchronize'
/Users/mjprude/.rbenv/versions/2.1.2/lib/ruby/gems/2.1.0/gems/redis-3.2.0/lib/redis.rb:37:in `synchronize'
/Users/mjprude/.rbenv/versions/2.1.2/lib/ruby/gems/2.1.0/gems/redis-3.2.0/lib/redis.rb:1314:in `smembers'
/Users/mjprude/.rbenv/versions/2.1.2/lib/ruby/gems/2.1.0/gems/sidekiq-3.3.0/lib/sidekiq/api.rb:557:in `block in cleanup'
/Users/mjprude/.rbenv/versions/2.1.2/lib/ruby/gems/2.1.0/gems/connection_pool-2.1.0/lib/connection_pool.rb:58:in `with'
/Users/mjprude/.rbenv/versions/2.1.2/lib/ruby/gems/2.1.0/gems/sidekiq-3.3.0/lib/sidekiq.rb:72:in `redis'
/Users/mjprude/.rbenv/versions/2.1.2/lib/ruby/gems/2.1.0/gems/sidekiq-3.3.0/lib/sidekiq/api.rb:556:in `cleanup'
/Users/mjprude/.rbenv/versions/2.1.2/lib/ruby/gems/2.1.0/gems/sidekiq-3.3.0/lib/sidekiq/api.rb:549:in `initialize'
/Users/mjprude/.rbenv/versions/2.1.2/lib/ruby/gems/2.1.0/gems/sidekiq-3.3.0/lib/sidekiq/scheduled.rb:79:in `new'
/Users/mjprude/.rbenv/versions/2.1.2/lib/ruby/gems/2.1.0/gems/sidekiq-3.3.0/lib/sidekiq/scheduled.rb:79:in `poll_interval'
/Users/mjprude/.rbenv/versions/2.1.2/lib/ruby/gems/2.1.0/gems/sidekiq-3.3.0/lib/sidekiq/scheduled.rb:58:in `block in poll'
/Users/mjprude/.rbenv/versions/2.1.2/lib/ruby/gems/2.1.0/gems/sidekiq-3.3.0/lib/sidekiq/util.rb:15:in `watchdog'
/Users/mjprude/.rbenv/versions/2.1.2/lib/ruby/gems/2.1.0/gems/sidekiq-3.3.0/lib/sidekiq/scheduled.rb:23:in `poll'
/Users/mjprude/.rbenv/versions/2.1.2/lib/ruby/gems/2.1.0/gems/celluloid-0.16.0/lib/celluloid/calls.rb:26:in `public_send'
/Users/mjprude/.rbenv/versions/2.1.2/lib/ruby/gems/2.1.0/gems/celluloid-0.16.0/lib/celluloid/calls.rb:26:in `dispatch'
/Users/mjprude/.rbenv/versions/2.1.2/lib/ruby/gems/2.1.0/gems/celluloid-0.16.0/lib/celluloid/calls.rb:122:in `dispatch'
/Users/mjprude/.rbenv/versions/2.1.2/lib/ruby/gems/2.1.0/gems/celluloid-0.16.0/lib/celluloid/cell.rb:60:in `block in invoke'
/Users/mjprude/.rbenv/versions/2.1.2/lib/ruby/gems/2.1.0/gems/celluloid-0.16.0/lib/celluloid/cell.rb:71:in `block in task'
/Users/mjprude/.rbenv/versions/2.1.2/lib/ruby/gems/2.1.0/gems/celluloid-0.16.0/lib/celluloid/actor.rb:357:in `block in task'
/Users/mjprude/.rbenv/versions/2.1.2/lib/ruby/gems/2.1.0/gems/celluloid-0.16.0/lib/celluloid/tasks.rb:57:in `block in initialize'
/Users/mjprude/.rbenv/versions/2.1.2/lib/ruby/gems/2.1.0/gems/celluloid-0.16.0/lib/celluloid/tasks/task_fiber.rb:15:in `block in create'
2015-01-07T18:03:09.281Z 82970 TID-ovzhsqktk INFO: Running in ruby 2.1.2p95 (2014-05-08 revision 45877) [x86_64-darwin13.0]
2015-01-07T18:03:09.281Z 82970 TID-ovzhsqktk INFO: See LICENSE and the LGPL-3.0 for licensing details.
2015-01-07T18:03:09.281Z 82970 TID-ovzhsqktk INFO: Upgrade to Sidekiq Pro for more features and support: http://sidekiq.org/pro
2015-01-07T18:03:09.281Z 82970 TID-ovzhsqktk INFO: Starting processing, hit Ctrl-C to stop
2015-01-07T18:03:09.339Z 82970 TID-ovzi9r0q0 INFO: Booting Sidekiq 3.3.0 with redis options {}
2015-01-07T18:03:09.340Z 82970 TID-ovzi9r0q0 ERROR: heartbeat: Error connecting to Redis on 127.0.0.1:6379 (ECONNREFUSED)
2015-01-07T18:03:09.340Z 82970 TID-ovzhw33z0 ERROR: Error fetching message: Error connecting to Redis on 127.0.0.1:6379 (ECONNREFUSED)
2015-01-07T18:03:09.340Z 82970 TID-ovzhw33z0 ERROR: /Users/mjprude/.rbenv/versions/2.1.2/lib/ruby/gems/2.1.0/gems/redis-3.2.0/lib/redis/client.rb:320:in `rescue in establish_connection'
2015-01-07T18:03:09.340Z 82970 TID-ovzhw33z0 ERROR: /Users/mjprude/.rbenv/versions/2.1.2/lib/ruby/gems/2.1.0/gems/redis-3.2.0/lib/redis/client.rb:311:in `establish_connection'
2015-01-07T18:03:09.340Z 82970 TID-ovzhw33z0 ERROR: /Users/mjprude/.rbenv/versions/2.1.2/lib/ruby/gems/2.1.0/gems/redis-3.2.0/lib/redis/client.rb:91:in `block in connect'
2015-01-07T18:03:09.340Z 82970 TID-ovzhw33z0 ERROR: /Users/mjprude/.rbenv/versions/2.1.2/lib/ruby/gems/2.1.0/gems/redis-3.2.0/lib/redis/client.rb:273:in `with_reconnect'
2015-01-07T18:03:09.340Z 82970 TID-ovzhw33z0 ERROR: /Users/mjprude/.rbenv/versions/2.1.2/lib/ruby/gems/2.1.0/gems/redis-3.2.0/lib/redis/client.rb:90:in `connect'
2015-01-07T18:03:09.340Z 82970 TID-ovzhw33z0 ERROR: /Users/mjprude/.rbenv/versions/2.1.2/lib/ruby/gems/2.1.0/gems/redis-3.2.0/lib/redis/client.rb:256:in `with_socket_timeout'
2015-01-07T18:03:09.340Z 82970 TID-ovzhw33z0 ERROR: /Users/mjprude/.rbenv/versions/2.1.2/lib/ruby/gems/2.1.0/gems/redis-3.2.0/lib/redis/client.rb:191:in `call_with_timeout'
2015-01-07T18:03:09.340Z 82970 TID-ovzhw33z0 ERROR: /Users/mjprude/.rbenv/versions/2.1.2/lib/ruby/gems/2.1.0/gems/redis-3.2.0/lib/redis.rb:1059:in `block in _bpop'
2015-01-07T18:03:09.340Z 82970 TID-ovzhw33z0 ERROR: /Users/mjprude/.rbenv/versions/2.1.2/lib/ruby/gems/2.1.0/gems/redis-3.2.0/lib/redis.rb:37:in `block in synchronize'
2015-01-07T18:03:09.340Z 82970 TID-ovzhw33z0 ERROR: /Users/mjprude/.rbenv/versions/2.1.2/lib/ruby/2.1.0/monitor.rb:211:in `mon_synchronize'
2015-01-07T18:03:09.340Z 82970 TID-ovzhw33z0 ERROR: /Users/mjprude/.rbenv/versions/2.1.2/lib/ruby/gems/2.1.0/gems/redis-3.2.0/lib/redis.rb:37:in `synchronize'
2015-01-07T18:03:09.340Z 82970 TID-ovzhw33z0 ERROR: /Users/mjprude/.rbenv/versions/2.1.2/lib/ruby/gems/2.1.0/gems/redis-3.2.0/lib/redis.rb:1056:in `_bpop'
2015-01-07T18:03:09.340Z 82970 TID-ovzhw33z0 ERROR: /Users/mjprude/.rbenv/versions/2.1.2/lib/ruby/gems/2.1.0/gems/redis-3.2.0/lib/redis.rb:1101:in `brpop'
2015-01-07T18:03:09.341Z 82970 TID-ovzhw33z0 ERROR: /Users/mjprude/.rbenv/versions/2.1.2/lib/ruby/gems/2.1.0/gems/sidekiq-3.3.0/lib/sidekiq/fetch.rb:102:in `block in retrieve_work'
2015-01-07T18:03:09.341Z 82970 TID-ovzhw33z0 ERROR: /Users/mjprude/.rbenv/versions/2.1.2/lib/ruby/gems/2.1.0/gems/connection_pool-2.1.0/lib/connection_pool.rb:58:in `with'
2015-01-07T18:03:09.341Z 82970 TID-ovzhw33z0 ERROR: /Users/mjprude/.rbenv/versions/2.1.2/lib/ruby/gems/2.1.0/gems/sidekiq-3.3.0/lib/sidekiq.rb:72:in `redis'
2015-01-07T18:03:09.341Z 82970 TID-ovzhw33z0 ERROR: /Users/mjprude/.rbenv/versions/2.1.2/lib/ruby/gems/2.1.0/gems/sidekiq-3.3.0/lib/sidekiq/fetch.rb:102:in `retrieve_work'
2015-01-07T18:03:09.341Z 82970 TID-ovzhw33z0 ERROR: /Users/mjprude/.rbenv/versions/2.1.2/lib/ruby/gems/2.1.0/gems/sidekiq-3.3.0/lib/sidekiq/fetch.rb:37:in `block in fetch'
2015-01-07T18:03:09.341Z 82970 TID-ovzhw33z0 ERROR: /Users/mjprude/.rbenv/versions/2.1.2/lib/ruby/gems/2.1.0/gems/sidekiq-3.3.0/lib/sidekiq/util.rb:15:in `watchdog'
2015-01-07T18:03:09.341Z 82970 TID-ovzhw33z0 ERROR: /Users/mjprude/.rbenv/versions/2.1.2/lib/ruby/gems/2.1.0/gems/sidekiq-3.3.0/lib/sidekiq/fetch.rb:33:in `fetch'
2015-01-07T18:03:09.341Z 82970 TID-ovzhw33z0 ERROR: /Users/mjprude/.rbenv/versions/2.1.2/lib/ruby/gems/2.1.0/gems/celluloid-0.16.0/lib/celluloid/calls.rb:26:in `public_send'
2015-01-07T18:03:09.341Z 82970 TID-ovzhw33z0 ERROR: /Users/mjprude/.rbenv/versions/2.1.2/lib/ruby/gems/2.1.0/gems/celluloid-0.16.0/lib/celluloid/calls.rb:26:in `dispatch'
2015-01-07T18:03:09.341Z 82970 TID-ovzhw33z0 ERROR: /Users/mjprude/.rbenv/versions/2.1.2/lib/ruby/gems/2.1.0/gems/celluloid-0.16.0/lib/celluloid/calls.rb:122:in `dispatch'
2015-01-07T18:03:09.341Z 82970 TID-ovzhw33z0 ERROR: /Users/mjprude/.rbenv/versions/2.1.2/lib/ruby/gems/2.1.0/gems/celluloid-0.16.0/lib/celluloid/cell.rb:60:in `block in invoke'
2015-01-07T18:03:09.341Z 82970 TID-ovzhw33z0 ERROR: /Users/mjprude/.rbenv/versions/2.1.2/lib/ruby/gems/2.1.0/gems/celluloid-0.16.0/lib/celluloid/cell.rb:71:in `block in task'
2015-01-07T18:03:09.341Z 82970 TID-ovzhw33z0 ERROR: /Users/mjprude/.rbenv/versions/2.1.2/lib/ruby/gems/2.1.0/gems/celluloid-0.16.0/lib/celluloid/actor.rb:357:in `block in task'
2015-01-07T18:03:09.341Z 82970 TID-ovzhw33z0 ERROR: /Users/mjprude/.rbenv/versions/2.1.2/lib/ruby/gems/2.1.0/gems/celluloid-0.16.0/lib/celluloid/tasks.rb:57:in `block in initialize'
2015-01-07T18:03:09.341Z 82970 TID-ovzhw33z0 ERROR: /Users/mjprude/.rbenv/versions/2.1.2/lib/ruby/gems/2.1.0/gems/celluloid-0.16.0/lib/celluloid/tasks/task_fiber.rb:15:in `block in create'
2015-01-07T18:03:14.342Z 82970 TID-ovzi9r0q0 ERROR: heartbeat: Error connecting to Redis on 127.0.0.1:6379 (ECONNREFUSED)
2015-01-07T18:03:19.344Z 82970 TID-ovzi9r0q0 ERROR: heartbeat: Error connecting to Redis on 127.0.0.1:6379 (ECONNREFUSED)
2015-01-07T18:03:20.388Z 82970 TID-ovzhw30zs ERROR: Error connecting to Redis on 127.0.0.1:6379 (ECONNREFUSED)
2015-01-07T18:03:20.388Z 82970 TID-ovzhw30zs ERROR: /Users/mjprude/.rbenv/versions/2.1.2/lib/ruby/gems/2.1.0/gems/redis-3.2.0/lib/redis/client.rb:320:in `rescue in establish_connection'
2015-01-07T18:03:20.389Z 82970 TID-ovzhw30zs WARN: {:context=>"scheduling poller thread died!"}
2015-01-07T18:03:20.389Z 82970 TID-ovzhw30zs WARN: Error connecting to Redis on 127.0.0.1:6379 (ECONNREFUSED)
2015-01-07T18:03:20.389Z 82970 TID-ovzhw30zs WARN: /Users/mjprude/.rbenv/versions/2.1.2/lib/ruby/gems/2.1.0/gems/redis-3.2.0/lib/redis/client.rb:320:in `rescue in establish_connection'
/Users/mjprude/.rbenv/versions/2.1.2/lib/ruby/gems/2.1.0/gems/redis-3.2.0/lib/redis/client.rb:311:in `establish_connection'
/Users/mjprude/.rbenv/versions/2.1.2/lib/ruby/gems/2.1.0/gems/redis-3.2.0/lib/redis/client.rb:91:in `block in connect'
/Users/mjprude/.rbenv/versions/2.1.2/lib/ruby/gems/2.1.0/gems/redis-3.2.0/lib/redis/client.rb:273:in `with_reconnect'
/Users/mjprude/.rbenv/versions/2.1.2/lib/ruby/gems/2.1.0/gems/redis-3.2.0/lib/redis/client.rb:90:in `connect'
/Users/mjprude/.rbenv/versions/2.1.2/lib/ruby/gems/2.1.0/gems/redis-3.2.0/lib/redis/client.rb:337:in `ensure_connected'
/Users/mjprude/.rbenv/versions/2.1.2/lib/ruby/gems/2.1.0/gems/redis-3.2.0/lib/redis/client.rb:204:in `block in process'
/Users/mjprude/.rbenv/versions/2.1.2/lib/ruby/gems/2.1.0/gems/redis-3.2.0/lib/redis/client.rb:286:in `logging'
/Users/mjprude/.rbenv/versions/2.1.2/lib/ruby/gems/2.1.0/gems/redis-3.2.0/lib/redis/client.rb:203:in `process'
/Users/mjprude/.rbenv/versions/2.1.2/lib/ruby/gems/2.1.0/gems/redis-3.2.0/lib/redis/client.rb:109:in `call'
/Users/mjprude/.rbenv/versions/2.1.2/lib/ruby/gems/2.1.0/gems/redis-3.2.0/lib/redis.rb:1315:in `block in smembers'
/Users/mjprude/.rbenv/versions/2.1.2/lib/ruby/gems/2.1.0/gems/redis-3.2.0/lib/redis.rb:37:in `block in synchronize'
/Users/mjprude/.rbenv/versions/2.1.2/lib/ruby/2.1.0/monitor.rb:211:in `mon_synchronize'
/Users/mjprude/.rbenv/versions/2.1.2/lib/ruby/gems/2.1.0/gems/redis-3.2.0/lib/redis.rb:37:in `synchronize'
/Users/mjprude/.rbenv/versions/2.1.2/lib/ruby/gems/2.1.0/gems/redis-3.2.0/lib/redis.rb:1314:in `smembers'
/Users/mjprude/.rbenv/versions/2.1.2/lib/ruby/gems/2.1.0/gems/sidekiq-3.3.0/lib/sidekiq/api.rb:557:in `block in cleanup'
/Users/mjprude/.rbenv/versions/2.1.2/lib/ruby/gems/2.1.0/gems/connection_pool-2.1.0/lib/connection_pool.rb:58:in `with'
/Users/mjprude/.rbenv/versions/2.1.2/lib/ruby/gems/2.1.0/gems/sidekiq-3.3.0/lib/sidekiq.rb:72:in `redis'
/Users/mjprude/.rbenv/versions/2.1.2/lib/ruby/gems/2.1.0/gems/sidekiq-3.3.0/lib/sidekiq/api.rb:556:in `cleanup'
/Users/mjprude/.rbenv/versions/2.1.2/lib/ruby/gems/2.1.0/gems/sidekiq-3.3.0/lib/sidekiq/api.rb:549:in `initialize'
/Users/mjprude/.rbenv/versions/2.1.2/lib/ruby/gems/2.1.0/gems/sidekiq-3.3.0/lib/sidekiq/scheduled.rb:79:in `new'
/Users/mjprude/.rbenv/versions/2.1.2/lib/ruby/gems/2.1.0/gems/sidekiq-3.3.0/lib/sidekiq/scheduled.rb:79:in `poll_interval'
/Users/mjprude/.rbenv/versions/2.1.2/lib/ruby/gems/2.1.0/gems/sidekiq-3.3.0/lib/sidekiq/scheduled.rb:58:in `block in poll'
/Users/mjprude/.rbenv/versions/2.1.2/lib/ruby/gems/2.1.0/gems/sidekiq-3.3.0/lib/sidekiq/util.rb:15:in `watchdog'
/Users/mjprude/.rbenv/versions/2.1.2/lib/ruby/gems/2.1.0/gems/sidekiq-3.3.0/lib/sidekiq/scheduled.rb:23:in `poll'
/Users/mjprude/.rbenv/versions/2.1.2/lib/ruby/gems/2.1.0/gems/celluloid-0.16.0/lib/celluloid/calls.rb:26:in `public_send'
/Users/mjprude/.rbenv/versions/2.1.2/lib/ruby/gems/2.1.0/gems/celluloid-0.16.0/lib/celluloid/calls.rb:26:in `dispatch'
/Users/mjprude/.rbenv/versions/2.1.2/lib/ruby/gems/2.1.0/gems/celluloid-0.16.0/lib/celluloid/calls.rb:122:in `dispatch'
/Users/mjprude/.rbenv/versions/2.1.2/lib/ruby/gems/2.1.0/gems/celluloid-0.16.0/lib/celluloid/cell.rb:60:in `block in invoke'
/Users/mjprude/.rbenv/versions/2.1.2/lib/ruby/gems/2.1.0/gems/celluloid-0.16.0/lib/celluloid/cell.rb:71:in `block in task'
/Users/mjprude/.rbenv/versions/2.1.2/lib/ruby/gems/2.1.0/gems/celluloid-0.16.0/lib/celluloid/actor.rb:357:in `block in task'
/Users/mjprude/.rbenv/versions/2.1.2/lib/ruby/gems/2.1.0/gems/celluloid-0.16.0/lib/celluloid/tasks.rb:57:in `block in initialize'
/Users/mjprude/.rbenv/versions/2.1.2/lib/ruby/gems/2.1.0/gems/celluloid-0.16.0/lib/celluloid/tasks/task_fiber.rb:15:in `block in create'
2015-01-07T18:03:20.389Z 82970 TID-ovzi9raag WARN: Sidekiq died due to the following error, cannot recover, process exiting
2015-01-07T18:03:20.389Z 82970 TID-ovzi9raag WARN: Error connecting to Redis on 127.0.0.1:6379 (ECONNREFUSED)
2015-01-07T18:03:20.389Z 82970 TID-ovzi9raag WARN: /Users/mjprude/.rbenv/versions/2.1.2/lib/ruby/gems/2.1.0/gems/redis-3.2.0/lib/redis/client.rb:320:in `rescue in establish_connection'
/Users/mjprude/.rbenv/versions/2.1.2/lib/ruby/gems/2.1.0/gems/redis-3.2.0/lib/redis/client.rb:311:in `establish_connection'
/Users/mjprude/.rbenv/versions/2.1.2/lib/ruby/gems/2.1.0/gems/redis-3.2.0/lib/redis/client.rb:91:in `block in connect'
/Users/mjprude/.rbenv/versions/2.1.2/lib/ruby/gems/2.1.0/gems/redis-3.2.0/lib/redis/client.rb:273:in `with_reconnect'
/Users/mjprude/.rbenv/versions/2.1.2/lib/ruby/gems/2.1.0/gems/redis-3.2.0/lib/redis/client.rb:90:in `connect'
/Users/mjprude/.rbenv/versions/2.1.2/lib/ruby/gems/2.1.0/gems/redis-3.2.0/lib/redis/client.rb:337:in `ensure_connected'
/Users/mjprude/.rbenv/versions/2.1.2/lib/ruby/gems/2.1.0/gems/redis-3.2.0/lib/redis/client.rb:204:in `block in process'
/Users/mjprude/.rbenv/versions/2.1.2/lib/ruby/gems/2.1.0/gems/redis-3.2.0/lib/redis/client.rb:286:in `logging'
/Users/mjprude/.rbenv/versions/2.1.2/lib/ruby/gems/2.1.0/gems/redis-3.2.0/lib/redis/client.rb:203:in `process'
/Users/mjprude/.rbenv/versions/2.1.2/lib/ruby/gems/2.1.0/gems/redis-3.2.0/lib/redis/client.rb:109:in `call'
/Users/mjprude/.rbenv/versions/2.1.2/lib/ruby/gems/2.1.0/gems/redis-3.2.0/lib/redis.rb:1315:in `block in smembers'
/Users/mjprude/.rbenv/versions/2.1.2/lib/ruby/gems/2.1.0/gems/redis-3.2.0/lib/redis.rb:37:in `block in synchronize'
/Users/mjprude/.rbenv/versions/2.1.2/lib/ruby/2.1.0/monitor.rb:211:in `mon_synchronize'
/Users/mjprude/.rbenv/versions/2.1.2/lib/ruby/gems/2.1.0/gems/redis-3.2.0/lib/redis.rb:37:in `synchronize'
/Users/mjprude/.rbenv/versions/2.1.2/lib/ruby/gems/2.1.0/gems/redis-3.2.0/lib/redis.rb:1314:in `smembers'
/Users/mjprude/.rbenv/versions/2.1.2/lib/ruby/gems/2.1.0/gems/sidekiq-3.3.0/lib/sidekiq/api.rb:557:in `block in cleanup'
/Users/mjprude/.rbenv/versions/2.1.2/lib/ruby/gems/2.1.0/gems/connection_pool-2.1.0/lib/connection_pool.rb:58:in `with'
/Users/mjprude/.rbenv/versions/2.1.2/lib/ruby/gems/2.1.0/gems/sidekiq-3.3.0/lib/sidekiq.rb:72:in `redis'
/Users/mjprude/.rbenv/versions/2.1.2/lib/ruby/gems/2.1.0/gems/sidekiq-3.3.0/lib/sidekiq/api.rb:556:in `cleanup'
/Users/mjprude/.rbenv/versions/2.1.2/lib/ruby/gems/2.1.0/gems/sidekiq-3.3.0/lib/sidekiq/api.rb:549:in `initialize'
/Users/mjprude/.rbenv/versions/2.1.2/lib/ruby/gems/2.1.0/gems/sidekiq-3.3.0/lib/sidekiq/scheduled.rb:79:in `new'
/Users/mjprude/.rbenv/versions/2.1.2/lib/ruby/gems/2.1.0/gems/sidekiq-3.3.0/lib/sidekiq/scheduled.rb:79:in `poll_interval'
/Users/mjprude/.rbenv/versions/2.1.2/lib/ruby/gems/2.1.0/gems/sidekiq-3.3.0/lib/sidekiq/scheduled.rb:58:in `block in poll'
/Users/mjprude/.rbenv/versions/2.1.2/lib/ruby/gems/2.1.0/gems/sidekiq-3.3.0/lib/sidekiq/util.rb:15:in `watchdog'
/Users/mjprude/.rbenv/versions/2.1.2/lib/ruby/gems/2.1.0/gems/sidekiq-3.3.0/lib/sidekiq/scheduled.rb:23:in `poll'
/Users/mjprude/.rbenv/versions/2.1.2/lib/ruby/gems/2.1.0/gems/celluloid-0.16.0/lib/celluloid/calls.rb:26:in `public_send'
/Users/mjprude/.rbenv/versions/2.1.2/lib/ruby/gems/2.1.0/gems/celluloid-0.16.0/lib/celluloid/calls.rb:26:in `dispatch'
/Users/mjprude/.rbenv/versions/2.1.2/lib/ruby/gems/2.1.0/gems/celluloid-0.16.0/lib/celluloid/calls.rb:122:in `dispatch'
/Users/mjprude/.rbenv/versions/2.1.2/lib/ruby/gems/2.1.0/gems/celluloid-0.16.0/lib/celluloid/cell.rb:60:in `block in invoke'
/Users/mjprude/.rbenv/versions/2.1.2/lib/ruby/gems/2.1.0/gems/celluloid-0.16.0/lib/celluloid/cell.rb:71:in `block in task'
/Users/mjprude/.rbenv/versions/2.1.2/lib/ruby/gems/2.1.0/gems/celluloid-0.16.0/lib/celluloid/actor.rb:357:in `block in task'
/Users/mjprude/.rbenv/versions/2.1.2/lib/ruby/gems/2.1.0/gems/celluloid-0.16.0/lib/celluloid/tasks.rb:57:in `block in initialize'
/Users/mjprude/.rbenv/versions/2.1.2/lib/ruby/gems/2.1.0/gems/celluloid-0.16.0/lib/celluloid/tasks/task_fiber.rb:15:in `block in create'
2015-01-07T18:03:20.393Z 82970 TID-ovzi9r0q0 WARN: {:context=>"Manager#processor_died died"}
2015-01-07T18:03:20.393Z 82970 TID-ovzi9r0q0 WARN: task was terminated
2015-01-07T18:03:20.393Z 82970 TID-ovzi9r0q0 WARN: /Users/mjprude/.rbenv/versions/2.1.2/lib/ruby/gems/2.1.0/gems/celluloid-0.16.0/lib/celluloid/tasks/task_fiber.rb:34:in `terminate'
/Users/mjprude/.rbenv/versions/2.1.2/lib/ruby/gems/2.1.0/gems/celluloid-0.16.0/lib/celluloid/actor.rb:345:in `each'
/Users/mjprude/.rbenv/versions/2.1.2/lib/ruby/gems/2.1.0/gems/celluloid-0.16.0/lib/celluloid/actor.rb:345:in `cleanup'
/Users/mjprude/.rbenv/versions/2.1.2/lib/ruby/gems/2.1.0/gems/celluloid-0.16.0/lib/celluloid/actor.rb:329:in `shutdown'
/Users/mjprude/.rbenv/versions/2.1.2/lib/ruby/gems/2.1.0/gems/celluloid-0.16.0/lib/celluloid/actor.rb:164:in `run'
/Users/mjprude/.rbenv/versions/2.1.2/lib/ruby/gems/2.1.0/gems/celluloid-0.16.0/lib/celluloid/actor.rb:130:in `block in start'
/Users/mjprude/.rbenv/versions/2.1.2/lib/ruby/gems/2.1.0/gems/celluloid-0.16.0/lib/celluloid/thread_handle.rb:13:in `block in initialize'
/Users/mjprude/.rbenv/versions/2.1.2/lib/ruby/gems/2.1.0/gems/celluloid-0.16.0/lib/celluloid/actor_system.rb:32:in `block in get_thread'
/Users/mjprude/.rbenv/versions/2.1.2/lib/ruby/gems/2.1.0/gems/celluloid-0.16.0/lib/celluloid/internal_pool.rb:130:in `call'
/Users/mjprude/.rbenv/versions/2.1.2/lib/ruby/gems/2.1.0/gems/celluloid-0.16.0/lib/celluloid/internal_pool.rb:130:in `block in create'
2015-01-07T18:03:20.393Z 82970 TID-ovzi9r0q0 WARN: {:context=>"Manager#processor_died died"}
2015-01-07T18:03:20.393Z 82970 TID-ovzi9r0q0 WARN: task was terminated
2015-01-07T18:03:20.393Z 82970 TID-ovzi9r0q0 WARN: /Users/mjprude/.rbenv/versions/2.1.2/lib/ruby/gems/2.1.0/gems/celluloid-0.16.0/lib/celluloid/tasks/task_fiber.rb:34:in `terminate'
/Users/mjprude/.rbenv/versions/2.1.2/lib/ruby/gems/2.1.0/gems/celluloid-0.16.0/lib/celluloid/actor.rb:345:in `each'
/Users/mjprude/.rbenv/versions/2.1.2/lib/ruby/gems/2.1.0/gems/celluloid-0.16.0/lib/celluloid/actor.rb:345:in `cleanup'
/Users/mjprude/.rbenv/versions/2.1.2/lib/ruby/gems/2.1.0/gems/celluloid-0.16.0/lib/celluloid/actor.rb:329:in `shutdown'
/Users/mjprude/.rbenv/versions/2.1.2/lib/ruby/gems/2.1.0/gems/celluloid-0.16.0/lib/celluloid/actor.rb:164:in `run'
/Users/mjprude/.rbenv/versions/2.1.2/lib/ruby/gems/2.1.0/gems/celluloid-0.16.0/lib/celluloid/actor.rb:130:in `block in start'
/Users/mjprude/.rbenv/versions/2.1.2/lib/ruby/gems/2.1.0/gems/celluloid-0.16.0/lib/celluloid/thread_handle.rb:13:in `block in initialize'
/Users/mjprude/.rbenv/versions/2.1.2/lib/ruby/gems/2.1.0/gems/celluloid-0.16.0/lib/celluloid/actor_system.rb:32:in `block in get_thread'
/Users/mjprude/.rbenv/versions/2.1.2/lib/ruby/gems/2.1.0/gems/celluloid-0.16.0/lib/celluloid/internal_pool.rb:130:in `call'
/Users/mjprude/.rbenv/versions/2.1.2/lib/ruby/gems/2.1.0/gems/celluloid-0.16.0/lib/celluloid/internal_pool.rb:130:in `block in create'
I, [2015-01-07T13:04:31.479610 #83080]  INFO -- : Starting clock for 1 events: [ feed_worker ]
I, [2015-01-07T13:04:31.479680 #83080]  INFO -- : Triggering 'feed_worker'
E, [2015-01-07T13:04:31.480488 #83080] ERROR -- : Error connecting to Redis on 127.0.0.1:6379 (ECONNREFUSED) (Redis::CannotConnectError)
/Users/mjprude/.rbenv/versions/2.1.2/lib/ruby/gems/2.1.0/gems/redis-3.2.0/lib/redis/client.rb:320:in `rescue in establish_connection'
/Users/mjprude/.rbenv/versions/2.1.2/lib/ruby/gems/2.1.0/gems/redis-3.2.0/lib/redis/client.rb:311:in `establish_connection'
/Users/mjprude/.rbenv/versions/2.1.2/lib/ruby/gems/2.1.0/gems/redis-3.2.0/lib/redis/client.rb:91:in `block in connect'
/Users/mjprude/.rbenv/versions/2.1.2/lib/ruby/gems/2.1.0/gems/redis-3.2.0/lib/redis/client.rb:273:in `with_reconnect'
/Users/mjprude/.rbenv/versions/2.1.2/lib/ruby/gems/2.1.0/gems/redis-3.2.0/lib/redis/client.rb:90:in `connect'
/Users/mjprude/.rbenv/versions/2.1.2/lib/ruby/gems/2.1.0/gems/redis-3.2.0/lib/redis/client.rb:337:in `ensure_connected'
/Users/mjprude/.rbenv/versions/2.1.2/lib/ruby/gems/2.1.0/gems/redis-3.2.0/lib/redis/client.rb:204:in `block in process'
/Users/mjprude/.rbenv/versions/2.1.2/lib/ruby/gems/2.1.0/gems/redis-3.2.0/lib/redis/client.rb:286:in `logging'
/Users/mjprude/.rbenv/versions/2.1.2/lib/ruby/gems/2.1.0/gems/redis-3.2.0/lib/redis/client.rb:203:in `process'
/Users/mjprude/.rbenv/versions/2.1.2/lib/ruby/gems/2.1.0/gems/redis-3.2.0/lib/redis/client.rb:174:in `call_pipelined'
/Users/mjprude/.rbenv/versions/2.1.2/lib/ruby/gems/2.1.0/gems/redis-3.2.0/lib/redis/client.rb:146:in `block in call_pipeline'
/Users/mjprude/.rbenv/versions/2.1.2/lib/ruby/gems/2.1.0/gems/redis-3.2.0/lib/redis/client.rb:273:in `with_reconnect'
/Users/mjprude/.rbenv/versions/2.1.2/lib/ruby/gems/2.1.0/gems/redis-3.2.0/lib/redis/client.rb:144:in `call_pipeline'
/Users/mjprude/.rbenv/versions/2.1.2/lib/ruby/gems/2.1.0/gems/redis-3.2.0/lib/redis.rb:2147:in `block in multi'
/Users/mjprude/.rbenv/versions/2.1.2/lib/ruby/gems/2.1.0/gems/redis-3.2.0/lib/redis.rb:37:in `block in synchronize'
/Users/mjprude/.rbenv/versions/2.1.2/lib/ruby/2.1.0/monitor.rb:211:in `mon_synchronize'
/Users/mjprude/.rbenv/versions/2.1.2/lib/ruby/gems/2.1.0/gems/redis-3.2.0/lib/redis.rb:37:in `synchronize'
/Users/mjprude/.rbenv/versions/2.1.2/lib/ruby/gems/2.1.0/gems/redis-3.2.0/lib/redis.rb:2139:in `multi'
/Users/mjprude/.rbenv/versions/2.1.2/lib/ruby/gems/2.1.0/gems/sidekiq-3.3.0/lib/sidekiq/client.rb:180:in `block in raw_push'
/Users/mjprude/.rbenv/versions/2.1.2/lib/ruby/gems/2.1.0/gems/connection_pool-2.1.0/lib/connection_pool.rb:58:in `with'
/Users/mjprude/.rbenv/versions/2.1.2/lib/ruby/gems/2.1.0/gems/sidekiq-3.3.0/lib/sidekiq/client.rb:179:in `raw_push'
/Users/mjprude/.rbenv/versions/2.1.2/lib/ruby/gems/2.1.0/gems/sidekiq-3.3.0/lib/sidekiq/client.rb:68:in `push'
/Users/mjprude/.rbenv/versions/2.1.2/lib/ruby/gems/2.1.0/gems/sidekiq-3.3.0/lib/sidekiq/worker.rb:85:in `client_push'
/Users/mjprude/.rbenv/versions/2.1.2/lib/ruby/gems/2.1.0/gems/sidekiq-3.3.0/lib/sidekiq/worker.rb:40:in `perform_async'
/Users/mjprude/src/projects/livetrain_api/config/schedule.rb:38:in `block in <module:Clockwork>'
/Users/mjprude/.rbenv/versions/2.1.2/lib/ruby/gems/2.1.0/gems/clockwork-1.1.0/lib/clockwork/event.rb:54:in `call'
/Users/mjprude/.rbenv/versions/2.1.2/lib/ruby/gems/2.1.0/gems/clockwork-1.1.0/lib/clockwork/event.rb:54:in `execute'
/Users/mjprude/.rbenv/versions/2.1.2/lib/ruby/gems/2.1.0/gems/clockwork-1.1.0/lib/clockwork/event.rb:44:in `run'
/Users/mjprude/.rbenv/versions/2.1.2/lib/ruby/gems/2.1.0/gems/clockwork-1.1.0/lib/clockwork/manager.rb:71:in `block in tick'
/Users/mjprude/.rbenv/versions/2.1.2/lib/ruby/gems/2.1.0/gems/clockwork-1.1.0/lib/clockwork/manager.rb:69:in `each'
/Users/mjprude/.rbenv/versions/2.1.2/lib/ruby/gems/2.1.0/gems/clockwork-1.1.0/lib/clockwork/manager.rb:69:in `tick'
/Users/mjprude/.rbenv/versions/2.1.2/lib/ruby/gems/2.1.0/gems/clockwork-1.1.0/lib/clockwork/manager.rb:60:in `block in run'
/Users/mjprude/.rbenv/versions/2.1.2/lib/ruby/gems/2.1.0/gems/clockwork-1.1.0/lib/clockwork/manager.rb:59:in `loop'
/Users/mjprude/.rbenv/versions/2.1.2/lib/ruby/gems/2.1.0/gems/clockwork-1.1.0/lib/clockwork/manager.rb:59:in `run'
/Users/mjprude/.rbenv/versions/2.1.2/lib/ruby/gems/2.1.0/gems/clockwork-1.1.0/lib/clockwork.rb:46:in `run'
/Users/mjprude/.rbenv/versions/2.1.2/lib/ruby/gems/2.1.0/gems/clockwork-1.1.0/bin/clockwork:19:in `<top (required)>'
/Users/mjprude/.rbenv/versions/2.1.2/bin/clockwork:23:in `load'
/Users/mjprude/.rbenv/versions/2.1.2/bin/clockwork:23:in `<main>'
I, [2015-01-07T13:05:31.002200 #83080]  INFO -- : Triggering 'feed_worker'
E, [2015-01-07T13:05:31.002970 #83080] ERROR -- : Error connecting to Redis on 127.0.0.1:6379 (ECONNREFUSED) (Redis::CannotConnectError)
/Users/mjprude/.rbenv/versions/2.1.2/lib/ruby/gems/2.1.0/gems/redis-3.2.0/lib/redis/client.rb:320:in `rescue in establish_connection'
/Users/mjprude/.rbenv/versions/2.1.2/lib/ruby/gems/2.1.0/gems/redis-3.2.0/lib/redis/client.rb:311:in `establish_connection'
/Users/mjprude/.rbenv/versions/2.1.2/lib/ruby/gems/2.1.0/gems/redis-3.2.0/lib/redis/client.rb:91:in `block in connect'
/Users/mjprude/.rbenv/versions/2.1.2/lib/ruby/gems/2.1.0/gems/redis-3.2.0/lib/redis/client.rb:273:in `with_reconnect'
/Users/mjprude/.rbenv/versions/2.1.2/lib/ruby/gems/2.1.0/gems/redis-3.2.0/lib/redis/client.rb:90:in `connect'
/Users/mjprude/.rbenv/versions/2.1.2/lib/ruby/gems/2.1.0/gems/redis-3.2.0/lib/redis/client.rb:337:in `ensure_connected'
/Users/mjprude/.rbenv/versions/2.1.2/lib/ruby/gems/2.1.0/gems/redis-3.2.0/lib/redis/client.rb:204:in `block in process'
/Users/mjprude/.rbenv/versions/2.1.2/lib/ruby/gems/2.1.0/gems/redis-3.2.0/lib/redis/client.rb:286:in `logging'
/Users/mjprude/.rbenv/versions/2.1.2/lib/ruby/gems/2.1.0/gems/redis-3.2.0/lib/redis/client.rb:203:in `process'
/Users/mjprude/.rbenv/versions/2.1.2/lib/ruby/gems/2.1.0/gems/redis-3.2.0/lib/redis/client.rb:174:in `call_pipelined'
/Users/mjprude/.rbenv/versions/2.1.2/lib/ruby/gems/2.1.0/gems/redis-3.2.0/lib/redis/client.rb:146:in `block in call_pipeline'
/Users/mjprude/.rbenv/versions/2.1.2/lib/ruby/gems/2.1.0/gems/redis-3.2.0/lib/redis/client.rb:273:in `with_reconnect'
/Users/mjprude/.rbenv/versions/2.1.2/lib/ruby/gems/2.1.0/gems/redis-3.2.0/lib/redis/client.rb:144:in `call_pipeline'
/Users/mjprude/.rbenv/versions/2.1.2/lib/ruby/gems/2.1.0/gems/redis-3.2.0/lib/redis.rb:2147:in `block in multi'
/Users/mjprude/.rbenv/versions/2.1.2/lib/ruby/gems/2.1.0/gems/redis-3.2.0/lib/redis.rb:37:in `block in synchronize'
/Users/mjprude/.rbenv/versions/2.1.2/lib/ruby/2.1.0/monitor.rb:211:in `mon_synchronize'
/Users/mjprude/.rbenv/versions/2.1.2/lib/ruby/gems/2.1.0/gems/redis-3.2.0/lib/redis.rb:37:in `synchronize'
/Users/mjprude/.rbenv/versions/2.1.2/lib/ruby/gems/2.1.0/gems/redis-3.2.0/lib/redis.rb:2139:in `multi'
/Users/mjprude/.rbenv/versions/2.1.2/lib/ruby/gems/2.1.0/gems/sidekiq-3.3.0/lib/sidekiq/client.rb:180:in `block in raw_push'
/Users/mjprude/.rbenv/versions/2.1.2/lib/ruby/gems/2.1.0/gems/connection_pool-2.1.0/lib/connection_pool.rb:58:in `with'
/Users/mjprude/.rbenv/versions/2.1.2/lib/ruby/gems/2.1.0/gems/sidekiq-3.3.0/lib/sidekiq/client.rb:179:in `raw_push'
/Users/mjprude/.rbenv/versions/2.1.2/lib/ruby/gems/2.1.0/gems/sidekiq-3.3.0/lib/sidekiq/client.rb:68:in `push'
/Users/mjprude/.rbenv/versions/2.1.2/lib/ruby/gems/2.1.0/gems/sidekiq-3.3.0/lib/sidekiq/worker.rb:85:in `client_push'
/Users/mjprude/.rbenv/versions/2.1.2/lib/ruby/gems/2.1.0/gems/sidekiq-3.3.0/lib/sidekiq/worker.rb:40:in `perform_async'
/Users/mjprude/src/projects/livetrain_api/config/schedule.rb:38:in `block in <module:Clockwork>'
/Users/mjprude/.rbenv/versions/2.1.2/lib/ruby/gems/2.1.0/gems/clockwork-1.1.0/lib/clockwork/event.rb:54:in `call'
/Users/mjprude/.rbenv/versions/2.1.2/lib/ruby/gems/2.1.0/gems/clockwork-1.1.0/lib/clockwork/event.rb:54:in `execute'
/Users/mjprude/.rbenv/versions/2.1.2/lib/ruby/gems/2.1.0/gems/clockwork-1.1.0/lib/clockwork/event.rb:44:in `run'
/Users/mjprude/.rbenv/versions/2.1.2/lib/ruby/gems/2.1.0/gems/clockwork-1.1.0/lib/clockwork/manager.rb:71:in `block in tick'
/Users/mjprude/.rbenv/versions/2.1.2/lib/ruby/gems/2.1.0/gems/clockwork-1.1.0/lib/clockwork/manager.rb:69:in `each'
/Users/mjprude/.rbenv/versions/2.1.2/lib/ruby/gems/2.1.0/gems/clockwork-1.1.0/lib/clockwork/manager.rb:69:in `tick'
/Users/mjprude/.rbenv/versions/2.1.2/lib/ruby/gems/2.1.0/gems/clockwork-1.1.0/lib/clockwork/manager.rb:60:in `block in run'
/Users/mjprude/.rbenv/versions/2.1.2/lib/ruby/gems/2.1.0/gems/clockwork-1.1.0/lib/clockwork/manager.rb:59:in `loop'
/Users/mjprude/.rbenv/versions/2.1.2/lib/ruby/gems/2.1.0/gems/clockwork-1.1.0/lib/clockwork/manager.rb:59:in `run'
/Users/mjprude/.rbenv/versions/2.1.2/lib/ruby/gems/2.1.0/gems/clockwork-1.1.0/lib/clockwork.rb:46:in `run'
/Users/mjprude/.rbenv/versions/2.1.2/lib/ruby/gems/2.1.0/gems/clockwork-1.1.0/bin/clockwork:19:in `<top (required)>'
/Users/mjprude/.rbenv/versions/2.1.2/bin/clockwork:23:in `load'
/Users/mjprude/.rbenv/versions/2.1.2/bin/clockwork:23:in `<main>'
